<?xml version="1.0" encoding="UTF-8"?>
<testng-results ignored="0" total="1" passed="1" failed="0" skipped="0">
  <reporter-output>
  </reporter-output>
  <suite started-at="2025-11-30T15:53:30 AEDT" name="OWASP Juice Shop Test Suite" finished-at="2025-11-30T15:53:44 AEDT" duration-ms="14670">
    <groups>
    </groups>
    <test started-at="2025-11-30T15:53:30 AEDT" name="UI Tests" finished-at="2025-11-30T15:53:44 AEDT" duration-ms="14670">
      <class name="com.sgs.owasp.tests.ui.LoginTest">
        <test-method is-config="true" signature="setUp()[pri:0, instance:com.sgs.owasp.tests.ui.LoginTest@45b9a632]" started-at="2025-11-30T15:53:30 AEDT" name="setUp" finished-at="2025-11-30T15:53:31 AEDT" duration-ms="1719" status="PASS">
          <reporter-output>
          </reporter-output>
        </test-method> <!-- setUp -->
        <test-method signature="testValidLogin()[pri:0, instance:com.sgs.owasp.tests.ui.LoginTest@45b9a632]" started-at="2025-11-30T15:53:31 AEDT" name="testValidLogin" finished-at="2025-11-30T15:53:44 AEDT" duration-ms="12402" status="PASS">
          <reporter-output>
          </reporter-output>
        </test-method> <!-- testValidLogin -->
        <test-method is-config="true" signature="tearDown()[pri:0, instance:com.sgs.owasp.tests.ui.LoginTest@45b9a632]" started-at="2025-11-30T15:53:44 AEDT" name="tearDown" finished-at="2025-11-30T15:53:44 AEDT" duration-ms="518" status="PASS">
          <reporter-output>
          </reporter-output>
        </test-method> <!-- tearDown -->
      </class> <!-- com.sgs.owasp.tests.ui.LoginTest -->
    </test> <!-- UI Tests -->
  </suite> <!-- OWASP Juice Shop Test Suite -->
</testng-results>
